0 info it worked if it ends with ok
1 verbose cli [ '/usr/local/bin/node', '/usr/local/bin/npm', 'publish' ]
2 info using npm@3.10.3
3 info using node@v6.4.0
4 verbose publish [ '.' ]
5 silly cache add args [ '.', null ]
6 verbose cache add spec .
7 silly cache add parsed spec Result {
7 silly cache add   raw: '.',
7 silly cache add   scope: null,
7 silly cache add   escapedName: null,
7 silly cache add   name: null,
7 silly cache add   rawSpec: '.',
7 silly cache add   spec: '/Users/yuhongda/Documents/JD-DEV/Projects/cc-cli',
7 silly cache add   type: 'directory' }
8 verbose addLocalDirectory /var/root/.npm/cc-cli/1.0.0/package.tgz not in flight; packing
9 verbose correctMkdir /var/root/.npm correctMkdir not in flight; initializing
10 info lifecycle cc-cli@1.0.0~prepublish: cc-cli@1.0.0
11 silly lifecycle cc-cli@1.0.0~prepublish: no script for prepublish, continuing
12 verbose tar pack [ '/var/root/.npm/cc-cli/1.0.0/package.tgz',
12 verbose tar pack   '/Users/yuhongda/Documents/JD-DEV/Projects/cc-cli' ]
13 verbose tarball /var/root/.npm/cc-cli/1.0.0/package.tgz
14 verbose folder /Users/yuhongda/Documents/JD-DEV/Projects/cc-cli
15 verbose addLocalTarball adding from inside cache /var/root/.npm/cc-cli/1.0.0/package.tgz
16 verbose correctMkdir /var/root/.npm correctMkdir not in flight; initializing
17 silly cache afterAdd cc-cli@1.0.0
18 verbose afterAdd /var/root/.npm/cc-cli/1.0.0/package/package.json not in flight; writing
19 verbose correctMkdir /var/root/.npm correctMkdir not in flight; initializing
20 verbose afterAdd /var/root/.npm/cc-cli/1.0.0/package/package.json written
21 silly publish { name: 'cc-cli',
21 silly publish   version: '1.0.0',
21 silly publish   description: '创新中心项目代码脚手架',
21 silly publish   bin: { cc: 'bin/cc' },
21 silly publish   author: { name: 'yu.hongda' },
21 silly publish   license: 'MIT',
21 silly publish   dependencies:
21 silly publish    { chalk: '^1.1.3',
21 silly publish      co: '^4.6.0',
21 silly publish      'co-prompt': '^1.0.0',
21 silly publish      commander: '^2.9.0',
21 silly publish      'git-exec': '^0.2.1' },
21 silly publish   readme: 'cc-cli\n====\n创新中心项目代码脚手架',
21 silly publish   readmeFilename: 'README.md',
21 silly publish   gitHead: '7d57af01195ff5421f7ef6b74cbd8e2eb2621591',
21 silly publish   _id: 'cc-cli@1.0.0',
21 silly publish   scripts: {},
21 silly publish   _shasum: '2b393045b52db678fdb46b071b52774aa6b55aba',
21 silly publish   _from: '.' }
22 verbose getPublishConfig undefined
23 silly mapToRegistry name cc-cli
24 silly mapToRegistry using default registry
25 silly mapToRegistry registry https://registry.npmjs.org/
26 silly mapToRegistry data Result {
26 silly mapToRegistry   raw: 'cc-cli',
26 silly mapToRegistry   scope: null,
26 silly mapToRegistry   escapedName: 'cc-cli',
26 silly mapToRegistry   name: 'cc-cli',
26 silly mapToRegistry   rawSpec: '',
26 silly mapToRegistry   spec: 'latest',
26 silly mapToRegistry   type: 'tag' }
27 silly mapToRegistry uri https://registry.npmjs.org/cc-cli
28 verbose publish registryBase https://registry.npmjs.org/
29 silly publish uploading /var/root/.npm/cc-cli/1.0.0/package.tgz
30 verbose request uri https://registry.npmjs.org/cc-cli
31 verbose request sending authorization for write operation
32 info attempt registry request try #1 at 1:46:32 PM
33 verbose request using bearer token for auth
34 verbose request id b62cd9263a5dfae0
35 http request PUT https://registry.npmjs.org/cc-cli
36 http 403 https://registry.npmjs.org/cc-cli
37 verbose headers { 'content-type': 'application/json',
37 verbose headers   'cache-control': 'max-age=300',
37 verbose headers   'content-length': '104',
37 verbose headers   'accept-ranges': 'bytes',
37 verbose headers   date: 'Wed, 06 Sep 2017 05:46:29 GMT',
37 verbose headers   via: '1.1 varnish',
37 verbose headers   connection: 'keep-alive',
37 verbose headers   'x-served-by': 'cache-hkg17922-HKG',
37 verbose headers   'x-cache': 'MISS',
37 verbose headers   'x-cache-hits': '0',
37 verbose headers   'x-timer': 'S1504676789.990380,VS0,VE951',
37 verbose headers   vary: 'Accept-Encoding, Accept' }
38 verbose request invalidating /var/root/.npm/registry.npmjs.org/cc-cli on PUT
39 error publish Failed PUT 403
40 verbose stack Error: you must verify your email before publishing a new package: https://www.npmjs.com/email-edit : cc-cli
40 verbose stack     at makeError (/usr/local/lib/node_modules/npm/node_modules/npm-registry-client/lib/request.js:264:12)
40 verbose stack     at CachingRegistryClient.<anonymous> (/usr/local/lib/node_modules/npm/node_modules/npm-registry-client/lib/request.js:252:14)
40 verbose stack     at Request._callback (/usr/local/lib/node_modules/npm/node_modules/npm-registry-client/lib/request.js:172:14)
40 verbose stack     at Request.self.callback (/usr/local/lib/node_modules/npm/node_modules/request/request.js:200:22)
40 verbose stack     at emitTwo (events.js:106:13)
40 verbose stack     at Request.emit (events.js:191:7)
40 verbose stack     at Request.<anonymous> (/usr/local/lib/node_modules/npm/node_modules/request/request.js:1067:10)
40 verbose stack     at emitOne (events.js:101:20)
40 verbose stack     at Request.emit (events.js:188:7)
40 verbose stack     at IncomingMessage.<anonymous> (/usr/local/lib/node_modules/npm/node_modules/request/request.js:988:12)
41 verbose statusCode 403
42 verbose pkgid cc-cli
43 verbose cwd /Users/yuhongda/Documents/JD-DEV/Projects/cc-cli
44 error Darwin 16.0.0
45 error argv "/usr/local/bin/node" "/usr/local/bin/npm" "publish"
46 error node v6.4.0
47 error npm  v3.10.3
48 error code E403
49 error you must verify your email before publishing a new package: https://www.npmjs.com/email-edit : cc-cli
50 error If you need help, you may report this error at:
50 error     <https://github.com/npm/npm/issues>
51 verbose exit [ 1, true ]
